<?xml version="1.0" encoding="UTF-8"?>
<!-- Generated by org.testng.reporters.JUnitReportReporter -->
<testsuite hostname="DESKTOP-2Q2283T" failures="0" tests="1" name="jenkins.Test1" time="0.023" errors="0" timestamp="2022-06-14T12:32:01 IST" skipped="0">
  <testcase classname="jenkins.Test1" name="tc1" time="0.023"/>
  <system-out>
    <![CDATA[hello java]]>
  </system-out>
</testsuite> <!-- jenkins.Test1 -->
