<?xml version="1.0" encoding="UTF-8"?>
<!-- Generated by org.testng.reporters.JUnitReportReporter -->
<testsuite hostname="DESKTOP-2Q2283T" failures="0" tests="1" name="jenkins.Test3" time="0.002" errors="0" timestamp="2022-06-14T12:32:01 IST" skipped="0">
  <testcase classname="jenkins.Test3" name="tc3" time="0.002"/>
  <system-out>
    <![CDATA[java selenium]]>
  </system-out>
</testsuite> <!-- jenkins.Test3 -->
