<?xml version="1.0" encoding="UTF-8"?>
<!-- Generated by org.testng.reporters.JUnitReportReporter -->
<testsuite hostname="DESKTOP-2Q2283T" failures="0" tests="1" name="jenkins.Test2" time="0.002" errors="0" timestamp="2022-06-14T12:32:01 IST" skipped="0">
  <testcase classname="jenkins.Test2" name="tc2" time="0.002"/>
  <system-out>
    <![CDATA[hello python]]>
  </system-out>
</testsuite> <!-- jenkins.Test2 -->
